# JRE version: OpenJDK Runtime Environment Temurin-17.0.8.1+1 (17.0.8.1+1) (build 17.0.8.1+1)
# Java VM: OpenJDK 64-Bit Server VM Temurin-17.0.8.1+1 (17.0.8.1+1, mixed mode, emulated-client, tiered, compressed oops, compressed class ptrs, g1 gc, windows-amd64)
GC Precious Log:
 CPUs: 8 total, 8 available
 Memory: 7975M
 Large Page Support: Disabled
 NUMA Support: Disabled
 Compressed Oops: Enabled (32-bit)
 Heap Region Size: 1M
 Heap Min Capacity: 8M
 Heap Initial Capacity: 126M
 Heap Max Capacity: 1G
 Pre-touch: Disabled
 Parallel Workers: 8
 Concurrent Workers: 2
 Concurrent Refinement Workers: 8
 Periodic GC: Disabled
Heap:
 garbage-first heap   total 109568K, used 36816K [0x00000000c0000000, 0x0000000100000000)
  region size 1024K, 1 young (1024K), 0 survivors (0K)
 Metaspace       used 58773K, committed 59456K, reserved 1114112K
  class space    used 7233K, committed 7488K, reserved 1048576K
GC Heap History (20 events):
Event: 2009.098 GC heap before
{Heap before GC invocations=203 (full 181):
 garbage-first heap   total 109568K, used 36816K [0x00000000c0000000, 0x0000000100000000)
  region size 1024K, 1 young (1024K), 0 survivors (0K)
 Metaspace       used 58773K, committed 59456K, reserved 1114112K
  class space    used 7233K, committed 7488K, reserved 1048576K
}
Event: 2009.156 GC heap after
{Heap after GC invocations=204 (full 182):
 garbage-first heap   total 109568K, used 36816K [0x00000000c0000000, 0x0000000100000000)
  region size 1024K, 0 young (0K), 0 survivors (0K)
 Metaspace       used 58773K, committed 59456K, reserved 1114112K
  class space    used 7233K, committed 7488K, reserved 1048576K
}
Event: 2019.412 GC heap before
{Heap before GC invocations=204 (full 182):
 garbage-first heap   total 109568K, used 36816K [0x00000000c0000000, 0x0000000100000000)
  region size 1024K, 1 young (1024K), 0 survivors (0K)
 Metaspace       used 58773K, committed 59456K, reserved 1114112K
  class space    used 7233K, committed 7488K, reserved 1048576K
}
Event: 2019.471 GC heap after
{Heap after GC invocations=205 (full 183):
 garbage-first heap   total 109568K, used 36816K [0x00000000c0000000, 0x0000000100000000)
  region size 1024K, 0 young (0K), 0 survivors (0K)
 Metaspace       used 58773K, committed 59456K, reserved 1114112K
  class space    used 7233K, committed 7488K, reserved 1048576K
}
Event: 2029.713 GC heap before
{Heap before GC invocations=205 (full 183):
 garbage-first heap   total 109568K, used 36816K [0x00000000c0000000, 0x0000000100000000)
  region size 1024K, 1 young (1024K), 0 survivors (0K)
 Metaspace       used 58773K, committed 59456K, reserved 1114112K
  class space    used 7233K, committed 7488K, reserved 1048576K
}
Event: 2029.753 GC heap after
{Heap after GC invocations=206 (full 184):
 garbage-first heap   total 109568K, used 36816K [0x00000000c0000000, 0x0000000100000000)
  region size 1024K, 0 young (0K), 0 survivors (0K)
 Metaspace       used 58773K, committed 59456K, reserved 1114112K
  class space    used 7233K, committed 7488K, reserved 1048576K
}
Event: 2040.095 GC heap before
{Heap before GC invocations=206 (full 184):
 garbage-first heap   total 109568K, used 36816K [0x00000000c0000000, 0x0000000100000000)
  region size 1024K, 1 young (1024K), 0 survivors (0K)
 Metaspace       used 58773K, committed 59456K, reserved 1114112K
  class space    used 7233K, committed 7488K, reserved 1048576K
}
Event: 2040.163 GC heap after
{Heap after GC invocations=207 (full 185):
 garbage-first heap   total 109568K, used 36816K [0x00000000c0000000, 0x0000000100000000)
  region size 1024K, 0 young (0K), 0 survivors (0K)
 Metaspace       used 58773K, committed 59456K, reserved 1114112K
  class space    used 7233K, committed 7488K, reserved 1048576K
}
Event: 2050.557 GC heap before
{Heap before GC invocations=207 (full 185):
 garbage-first heap   total 109568K, used 36816K [0x00000000c0000000, 0x0000000100000000)
  region size 1024K, 1 young (1024K), 0 survivors (0K)
 Metaspace       used 58773K, committed 59456K, reserved 1114112K
  class space    used 7233K, committed 7488K, reserved 1048576K
}
Event: 2050.606 GC heap after
{Heap after GC invocations=208 (full 186):
 garbage-first heap   total 109568K, used 36816K [0x00000000c0000000, 0x0000000100000000)
  region size 1024K, 0 young (0K), 0 survivors (0K)
 Metaspace       used 58773K, committed 59456K, reserved 1114112K
  class space    used 7233K, committed 7488K, reserved 1048576K
}
Event: 2060.910 GC heap before
{Heap before GC invocations=208 (full 186):
 garbage-first heap   total 109568K, used 36816K [0x00000000c0000000, 0x0000000100000000)
  region size 1024K, 1 young (1024K), 0 survivors (0K)
 Metaspace       used 58773K, committed 59456K, reserved 1114112K
  class space    used 7233K, committed 7488K, reserved 1048576K
}
Event: 2060.956 GC heap after
{Heap after GC invocations=209 (full 187):
 garbage-first heap   total 109568K, used 36816K [0x00000000c0000000, 0x0000000100000000)
  region size 1024K, 0 young (0K), 0 survivors (0K)
 Metaspace       used 58773K, committed 59456K, reserved 1114112K
  class space    used 7233K, committed 7488K, reserved 1048576K
}
Event: 2072.214 GC heap before
{Heap before GC invocations=209 (full 187):
 garbage-first heap   total 109568K, used 36816K [0x00000000c0000000, 0x0000000100000000)
  region size 1024K, 1 young (1024K), 0 survivors (0K)
 Metaspace       used 58773K, committed 59456K, reserved 1114112K
  class space    used 7233K, committed 7488K, reserved 1048576K
}
Event: 2072.269 GC heap after
{Heap after GC invocations=210 (full 188):
 garbage-first heap   total 109568K, used 36816K [0x00000000c0000000, 0x0000000100000000)
  region size 1024K, 0 young (0K), 0 survivors (0K)
 Metaspace       used 58773K, committed 59456K, reserved 1114112K
  class space    used 7233K, committed 7488K, reserved 1048576K
}
Event: 2083.067 GC heap before
{Heap before GC invocations=210 (full 188):
 garbage-first heap   total 109568K, used 36816K [0x00000000c0000000, 0x0000000100000000)
  region size 1024K, 1 young (1024K), 0 survivors (0K)
 Metaspace       used 58773K, committed 59456K, reserved 1114112K
  class space    used 7233K, committed 7488K, reserved 1048576K
}
Event: 2083.172 GC heap after
{Heap after GC invocations=211 (full 189):
 garbage-first heap   total 109568K, used 36816K [0x00000000c0000000, 0x0000000100000000)
  region size 1024K, 0 young (0K), 0 survivors (0K)
 Metaspace       used 58773K, committed 59456K, reserved 1114112K
  class space    used 7233K, committed 7488K, reserved 1048576K
}
Event: 2093.941 GC heap before
{Heap before GC invocations=211 (full 189):
 garbage-first heap   total 109568K, used 36816K [0x00000000c0000000, 0x0000000100000000)
  region size 1024K, 1 young (1024K), 0 survivors (0K)
 Metaspace       used 58773K, committed 59456K, reserved 1114112K
  class space    used 7233K, committed 7488K, reserved 1048576K
}
Event: 2094.042 GC heap after
{Heap after GC invocations=212 (full 190):
 garbage-first heap   total 109568K, used 36816K [0x00000000c0000000, 0x0000000100000000)
  region size 1024K, 0 young (0K), 0 survivors (0K)
 Metaspace       used 58773K, committed 59456K, reserved 1114112K
  class space    used 7233K, committed 7488K, reserved 1048576K
}
Event: 2104.459 GC heap before
{Heap before GC invocations=212 (full 190):
 garbage-first heap   total 109568K, used 36816K [0x00000000c0000000, 0x0000000100000000)
  region size 1024K, 1 young (1024K), 0 survivors (0K)
 Metaspace       used 58773K, committed 59456K, reserved 1114112K
  class space    used 7233K, committed 7488K, reserved 1048576K
}
Event: 2104.505 GC heap after
{Heap after GC invocations=213 (full 191):
 garbage-first heap   total 109568K, used 36816K [0x00000000c0000000, 0x0000000100000000)
  region size 1024K, 0 young (0K), 0 survivors (0K)
 Metaspace       used 58773K, committed 59456K, reserved 1114112K
  class space    used 7233K, committed 7488K, reserved 1048576K
}

