# JRE version: OpenJDK Runtime Environment Temurin-17.0.8.1+1 (17.0.8.1+1) (build 17.0.8.1+1)
# Java VM: OpenJDK 64-Bit Server VM Temurin-17.0.8.1+1 (17.0.8.1+1, mixed mode, emulated-client, tiered, compressed oops, compressed class ptrs, g1 gc, windows-amd64)
GC Precious Log:
 CPUs: 8 total, 8 available
 Memory: 7975M
 Large Page Support: Disabled
 NUMA Support: Disabled
 Compressed Oops: Enabled (32-bit)
 Heap Region Size: 1M
 Heap Min Capacity: 8M
 Heap Initial Capacity: 126M
 Heap Max Capacity: 1G
 Pre-touch: Disabled
 Parallel Workers: 8
 Concurrent Workers: 2
 Concurrent Refinement Workers: 8
 Periodic GC: Disabled
Heap:
 garbage-first heap   total 106496K, used 36892K [0x00000000c0000000, 0x0000000100000000)
  region size 1024K, 1 young (1024K), 0 survivors (0K)
 Metaspace       used 60198K, committed 60672K, reserved 1114112K
  class space    used 7493K, committed 7744K, reserved 1048576K
GC Heap History (20 events):
Event: 171010.888 GC heap before
{Heap before GC invocations=2295 (full 2124):
 garbage-first heap   total 106496K, used 36892K [0x00000000c0000000, 0x0000000100000000)
  region size 1024K, 1 young (1024K), 0 survivors (0K)
 Metaspace       used 60198K, committed 60672K, reserved 1114112K
  class space    used 7493K, committed 7744K, reserved 1048576K
}
Event: 171011.890 GC heap after
{Heap after GC invocations=2296 (full 2125):
 garbage-first heap   total 106496K, used 36892K [0x00000000c0000000, 0x0000000100000000)
  region size 1024K, 0 young (0K), 0 survivors (0K)
 Metaspace       used 60198K, committed 60672K, reserved 1114112K
  class space    used 7493K, committed 7744K, reserved 1048576K
}
Event: 171022.843 GC heap before
{Heap before GC invocations=2296 (full 2125):
 garbage-first heap   total 106496K, used 36892K [0x00000000c0000000, 0x0000000100000000)
  region size 1024K, 1 young (1024K), 0 survivors (0K)
 Metaspace       used 60198K, committed 60672K, reserved 1114112K
  class space    used 7493K, committed 7744K, reserved 1048576K
}
Event: 171023.354 GC heap after
{Heap after GC invocations=2297 (full 2126):
 garbage-first heap   total 106496K, used 36892K [0x00000000c0000000, 0x0000000100000000)
  region size 1024K, 0 young (0K), 0 survivors (0K)
 Metaspace       used 60198K, committed 60672K, reserved 1114112K
  class space    used 7493K, committed 7744K, reserved 1048576K
}
Event: 171033.960 GC heap before
{Heap before GC invocations=2297 (full 2126):
 garbage-first heap   total 106496K, used 36892K [0x00000000c0000000, 0x0000000100000000)
  region size 1024K, 1 young (1024K), 0 survivors (0K)
 Metaspace       used 60198K, committed 60672K, reserved 1114112K
  class space    used 7493K, committed 7744K, reserved 1048576K
}
Event: 171034.043 GC heap after
{Heap after GC invocations=2298 (full 2127):
 garbage-first heap   total 106496K, used 36892K [0x00000000c0000000, 0x0000000100000000)
  region size 1024K, 0 young (0K), 0 survivors (0K)
 Metaspace       used 60198K, committed 60672K, reserved 1114112K
  class space    used 7493K, committed 7744K, reserved 1048576K
}
Event: 171044.902 GC heap before
{Heap before GC invocations=2298 (full 2127):
 garbage-first heap   total 106496K, used 36892K [0x00000000c0000000, 0x0000000100000000)
  region size 1024K, 1 young (1024K), 0 survivors (0K)
 Metaspace       used 60198K, committed 60672K, reserved 1114112K
  class space    used 7493K, committed 7744K, reserved 1048576K
}
Event: 171045.002 GC heap after
{Heap after GC invocations=2299 (full 2128):
 garbage-first heap   total 106496K, used 36892K [0x00000000c0000000, 0x0000000100000000)
  region size 1024K, 0 young (0K), 0 survivors (0K)
 Metaspace       used 60198K, committed 60672K, reserved 1114112K
  class space    used 7493K, committed 7744K, reserved 1048576K
}
Event: 171056.961 GC heap before
{Heap before GC invocations=2299 (full 2128):
 garbage-first heap   total 106496K, used 36892K [0x00000000c0000000, 0x0000000100000000)
  region size 1024K, 1 young (1024K), 0 survivors (0K)
 Metaspace       used 60198K, committed 60672K, reserved 1114112K
  class space    used 7493K, committed 7744K, reserved 1048576K
}
Event: 171057.057 GC heap after
{Heap after GC invocations=2300 (full 2129):
 garbage-first heap   total 106496K, used 36892K [0x00000000c0000000, 0x0000000100000000)
  region size 1024K, 0 young (0K), 0 survivors (0K)
 Metaspace       used 60198K, committed 60672K, reserved 1114112K
  class space    used 7493K, committed 7744K, reserved 1048576K
}
Event: 171067.623 GC heap before
{Heap before GC invocations=2300 (full 2129):
 garbage-first heap   total 106496K, used 36892K [0x00000000c0000000, 0x0000000100000000)
  region size 1024K, 1 young (1024K), 0 survivors (0K)
 Metaspace       used 60198K, committed 60672K, reserved 1114112K
  class space    used 7493K, committed 7744K, reserved 1048576K
}
Event: 171067.708 GC heap after
{Heap after GC invocations=2301 (full 2130):
 garbage-first heap   total 106496K, used 36892K [0x00000000c0000000, 0x0000000100000000)
  region size 1024K, 0 young (0K), 0 survivors (0K)
 Metaspace       used 60198K, committed 60672K, reserved 1114112K
  class space    used 7493K, committed 7744K, reserved 1048576K
}
Event: 171078.733 GC heap before
{Heap before GC invocations=2301 (full 2130):
 garbage-first heap   total 106496K, used 36892K [0x00000000c0000000, 0x0000000100000000)
  region size 1024K, 1 young (1024K), 0 survivors (0K)
 Metaspace       used 60198K, committed 60672K, reserved 1114112K
  class space    used 7493K, committed 7744K, reserved 1048576K
}
Event: 171078.844 GC heap after
{Heap after GC invocations=2302 (full 2131):
 garbage-first heap   total 106496K, used 36892K [0x00000000c0000000, 0x0000000100000000)
  region size 1024K, 0 young (0K), 0 survivors (0K)
 Metaspace       used 60198K, committed 60672K, reserved 1114112K
  class space    used 7493K, committed 7744K, reserved 1048576K
}
Event: 171089.378 GC heap before
{Heap before GC invocations=2302 (full 2131):
 garbage-first heap   total 106496K, used 36892K [0x00000000c0000000, 0x0000000100000000)
  region size 1024K, 1 young (1024K), 0 survivors (0K)
 Metaspace       used 60198K, committed 60672K, reserved 1114112K
  class space    used 7493K, committed 7744K, reserved 1048576K
}
Event: 171089.492 GC heap after
{Heap after GC invocations=2303 (full 2132):
 garbage-first heap   total 106496K, used 36892K [0x00000000c0000000, 0x0000000100000000)
  region size 1024K, 0 young (0K), 0 survivors (0K)
 Metaspace       used 60198K, committed 60672K, reserved 1114112K
  class space    used 7493K, committed 7744K, reserved 1048576K
}
Event: 171100.271 GC heap before
{Heap before GC invocations=2303 (full 2132):
 garbage-first heap   total 106496K, used 36892K [0x00000000c0000000, 0x0000000100000000)
  region size 1024K, 1 young (1024K), 0 survivors (0K)
 Metaspace       used 60198K, committed 60672K, reserved 1114112K
  class space    used 7493K, committed 7744K, reserved 1048576K
}
Event: 171100.386 GC heap after
{Heap after GC invocations=2304 (full 2133):
 garbage-first heap   total 106496K, used 36892K [0x00000000c0000000, 0x0000000100000000)
  region size 1024K, 0 young (0K), 0 survivors (0K)
 Metaspace       used 60198K, committed 60672K, reserved 1114112K
  class space    used 7493K, committed 7744K, reserved 1048576K
}
Event: 171111.080 GC heap before
{Heap before GC invocations=2304 (full 2133):
 garbage-first heap   total 106496K, used 36892K [0x00000000c0000000, 0x0000000100000000)
  region size 1024K, 1 young (1024K), 0 survivors (0K)
 Metaspace       used 60198K, committed 60672K, reserved 1114112K
  class space    used 7493K, committed 7744K, reserved 1048576K
}
Event: 171111.394 GC heap after
{Heap after GC invocations=2305 (full 2134):
 garbage-first heap   total 106496K, used 36892K [0x00000000c0000000, 0x0000000100000000)
  region size 1024K, 0 young (0K), 0 survivors (0K)
 Metaspace       used 60198K, committed 60672K, reserved 1114112K
  class space    used 7493K, committed 7744K, reserved 1048576K
}

